<?xml version="1.0" encoding="UTF-8"?>
<coverage generated="1635242636089" clover="3.2.0">
  <project timestamp="1635242636089" name="All files">
    <metrics statements="48" coveredstatements="17" conditionals="20" coveredconditionals="2" methods="12" coveredmethods="2" elements="80" coveredelements="21" complexity="0" loc="48" ncloc="48" packages="3" files="4" classes="4"/>
    <package name="components.custom-event-panel">
      <metrics statements="14" coveredstatements="8" conditionals="4" coveredconditionals="2" methods="5" coveredmethods="2"/>
      <file name="custom-event-panel.jsx" path="/home/jacob/storybook-custom-event-broadcaster/src/components/custom-event-panel/custom-event-panel.jsx">
        <metrics statements="14" coveredstatements="8" conditionals="4" coveredconditionals="2" methods="5" coveredmethods="2"/>
        <line num="9" count="1" type="stmt"/>
        <line num="10" count="1" type="cond" truecount="2" falsecount="2"/>
        <line num="11" count="0" type="stmt"/>
        <line num="12" count="0" type="stmt"/>
        <line num="19" count="0" type="stmt"/>
        <line num="22" count="1" type="stmt"/>
        <line num="25" count="1" type="stmt"/>
        <line num="26" count="1" type="stmt"/>
        <line num="28" count="1" type="stmt"/>
        <line num="30" count="1" type="stmt"/>
        <line num="31" count="0" type="stmt"/>
        <line num="32" count="0" type="stmt"/>
        <line num="35" count="1" type="stmt"/>
        <line num="49" count="0" type="stmt"/>
      </file>
    </package>
    <package name="components.custom-event-row">
      <metrics statements="29" coveredstatements="4" conditionals="16" coveredconditionals="0" methods="7" coveredmethods="0"/>
      <file name="custom-event-row.jsx" path="/home/jacob/storybook-custom-event-broadcaster/src/components/custom-event-row/custom-event-row.jsx">
        <metrics statements="29" coveredstatements="4" conditionals="16" coveredconditionals="0" methods="7" coveredmethods="0"/>
        <line num="10" count="1" type="cond" truecount="0" falsecount="1"/>
        <line num="11" count="0" type="cond" truecount="0" falsecount="2"/>
        <line num="13" count="0" type="stmt"/>
        <line num="14" count="0" type="stmt"/>
        <line num="15" count="0" type="cond" truecount="0" falsecount="2"/>
        <line num="16" count="0" type="stmt"/>
        <line num="22" count="0" type="stmt"/>
        <line num="30" count="0" type="stmt"/>
        <line num="34" count="1" type="stmt"/>
        <line num="36" count="0" type="stmt"/>
        <line num="37" count="0" type="stmt"/>
        <line num="38" count="0" type="stmt"/>
        <line num="39" count="0" type="stmt"/>
        <line num="41" count="0" type="stmt"/>
        <line num="42" count="0" type="stmt"/>
        <line num="45" count="0" type="stmt"/>
        <line num="46" count="0" type="stmt"/>
        <line num="47" count="0" type="cond" truecount="0" falsecount="2"/>
        <line num="49" count="0" type="stmt"/>
        <line num="52" count="0" type="stmt"/>
        <line num="53" count="0" type="stmt"/>
        <line num="56" count="0" type="stmt"/>
        <line num="57" count="0" type="stmt"/>
        <line num="60" count="0" type="stmt"/>
        <line num="61" count="0" type="stmt"/>
        <line num="64" count="0" type="stmt"/>
        <line num="99" count="0" type="stmt"/>
        <line num="109" count="1" type="stmt"/>
        <line num="115" count="1" type="stmt"/>
      </file>
    </package>
    <package name="styled-components">
      <metrics statements="5" coveredstatements="5" conditionals="0" coveredconditionals="0" methods="0" coveredmethods="0"/>
      <file name="boxes.js" path="/home/jacob/storybook-custom-event-broadcaster/src/styled-components/boxes.js">
        <metrics statements="2" coveredstatements="2" conditionals="0" coveredconditionals="0" methods="0" coveredmethods="0"/>
        <line num="3" count="1" type="stmt"/>
        <line num="7" count="1" type="stmt"/>
      </file>
      <file name="input.js" path="/home/jacob/storybook-custom-event-broadcaster/src/styled-components/input.js">
        <metrics statements="3" coveredstatements="3" conditionals="0" coveredconditionals="0" methods="0" coveredmethods="0"/>
        <line num="3" count="1" type="stmt"/>
        <line num="22" count="1" type="stmt"/>
        <line num="24" count="1" type="stmt"/>
      </file>
    </package>
  </project>
</coverage>
