{"/home/jacob/storybook-custom-event-broadcaster/src/components/custom-event-panel/custom-event-panel.jsx": {"path":"/home/jacob/storybook-custom-event-broadcaster/src/components/custom-event-panel/custom-event-panel.jsx","statementMap":{"0":{"start":{"line":9,"column":24},"end":{"line":23,"column":1}},"1":{"start":{"line":10,"column":2},"end":{"line":20,"column":3}},"2":{"start":{"line":11,"column":17},"end":{"line":18,"column":6}},"3":{"start":{"line":12,"column":6},"end":{"line":17,"column":8}},"4":{"start":{"line":19,"column":4},"end":{"line":19,"column":16}},"5":{"start":{"line":22,"column":2},"end":{"line":22,"column":28}},"6":{"start":{"line":25,"column":25},"end":{"line":69,"column":1}},"7":{"start":{"line":26,"column":40},"end":{"line":26,"column":78}},"8":{"start":{"line":28,"column":46},"end":{"line":28,"column":57}},"9":{"start":{"line":30,"column":20},"end":{"line":33,"column":3}},"10":{"start":{"line":31,"column":18},"end":{"line":31,"column":36}},"11":{"start":{"line":32,"column":4},"end":{"line":32,"column":29}},"12":{"start":{"line":35,"column":2},"end":{"line":68,"column":4}},"13":{"start":{"line":49,"column":12},"end":{"line":53,"column":14}}},"fnMap":{"0":{"name":"(anonymous_0)","decl":{"start":{"line":9,"column":24},"end":{"line":9,"column":25}},"loc":{"start":{"line":9,"column":44},"end":{"line":23,"column":1}},"line":9},"1":{"name":"(anonymous_1)","decl":{"start":{"line":11,"column":41},"end":{"line":11,"column":42}},"loc":{"start":{"line":12,"column":6},"end":{"line":17,"column":8}},"line":12},"2":{"name":"(anonymous_2)","decl":{"start":{"line":25,"column":25},"end":{"line":25,"column":26}},"loc":{"start":{"line":25,"column":31},"end":{"line":69,"column":1}},"line":25},"3":{"name":"(anonymous_3)","decl":{"start":{"line":30,"column":20},"end":{"line":30,"column":21}},"loc":{"start":{"line":30,"column":26},"end":{"line":33,"column":3}},"line":30},"4":{"name":"(anonymous_4)","decl":{"start":{"line":48,"column":49},"end":{"line":48,"column":50}},"loc":{"start":{"line":49,"column":12},"end":{"line":53,"column":14}},"line":49}},"branchMap":{"0":{"loc":{"start":{"line":10,"column":2},"end":{"line":20,"column":3}},"type":"if","locations":[{"start":{"line":10,"column":2},"end":{"line":20,"column":3}},{"start":{"line":10,"column":2},"end":{"line":20,"column":3}}],"line":10},"1":{"loc":{"start":{"line":10,"column":6},"end":{"line":10,"column":63}},"type":"binary-expr","locations":[{"start":{"line":10,"column":6},"end":{"line":10,"column":29}},{"start":{"line":10,"column":33},"end":{"line":10,"column":63}}],"line":10}},"s":{"0":1,"1":1,"2":0,"3":0,"4":0,"5":1,"6":1,"7":1,"8":1,"9":1,"10":0,"11":0,"12":1,"13":0},"f":{"0":1,"1":0,"2":1,"3":0,"4":0},"b":{"0":[0,1],"1":[1,0]},"_coverageSchema":"1a1c01bbd47fc00a2c39e90264f33305004495a9","hash":"1a9f9dfe88b3791fda3fb93391065b53483e3197"}
,"/home/jacob/storybook-custom-event-broadcaster/src/components/custom-event-row/custom-event-row.jsx": {"path":"/home/jacob/storybook-custom-event-broadcaster/src/components/custom-event-row/custom-event-row.jsx","statementMap":{"0":{"start":{"line":10,"column":18},"end":{"line":32,"column":1}},"1":{"start":{"line":11,"column":15},"end":{"line":11,"column":32}},"2":{"start":{"line":13,"column":2},"end":{"line":31,"column":3}},"3":{"start":{"line":14,"column":23},"end":{"line":14,"column":55}},"4":{"start":{"line":15,"column":4},"end":{"line":28,"column":5}},"5":{"start":{"line":16,"column":6},"end":{"line":20,"column":63}},"6":{"start":{"line":22,"column":6},"end":{"line":27,"column":10}},"7":{"start":{"line":30,"column":4},"end":{"line":30,"column":48}},"8":{"start":{"line":34,"column":23},"end":{"line":107,"column":1}},"9":{"start":{"line":36,"column":50},"end":{"line":36,"column":65}},"10":{"start":{"line":37,"column":36},"end":{"line":37,"column":61}},"11":{"start":{"line":38,"column":38},"end":{"line":38,"column":64}},"12":{"start":{"line":39,"column":38},"end":{"line":39,"column":64}},"13":{"start":{"line":41,"column":31},"end":{"line":43,"column":5}},"14":{"start":{"line":42,"column":6},"end":{"line":42,"column":31}},"15":{"start":{"line":45,"column":21},"end":{"line":45,"column":25}},"16":{"start":{"line":46,"column":4},"end":{"line":50,"column":5}},"17":{"start":{"line":47,"column":6},"end":{"line":47,"column":69}},"18":{"start":{"line":49,"column":6},"end":{"line":49,"column":34}},"19":{"start":{"line":52,"column":33},"end":{"line":54,"column":5}},"20":{"start":{"line":53,"column":6},"end":{"line":53,"column":38}},"21":{"start":{"line":56,"column":34},"end":{"line":58,"column":5}},"22":{"start":{"line":57,"column":6},"end":{"line":57,"column":39}},"23":{"start":{"line":60,"column":29},"end":{"line":62,"column":5}},"24":{"start":{"line":61,"column":6},"end":{"line":61,"column":39}},"25":{"start":{"line":64,"column":4},"end":{"line":105,"column":6}},"26":{"start":{"line":99,"column":27},"end":{"line":99,"column":68}},"27":{"start":{"line":109,"column":0},"end":{"line":113,"column":2}},"28":{"start":{"line":115,"column":0},"end":{"line":119,"column":2}}},"fnMap":{"0":{"name":"(anonymous_0)","decl":{"start":{"line":10,"column":18},"end":{"line":10,"column":19}},"loc":{"start":{"line":10,"column":59},"end":{"line":32,"column":1}},"line":10},"1":{"name":"(anonymous_1)","decl":{"start":{"line":35,"column":2},"end":{"line":35,"column":3}},"loc":{"start":{"line":35,"column":78},"end":{"line":106,"column":3}},"line":35},"2":{"name":"(anonymous_2)","decl":{"start":{"line":41,"column":31},"end":{"line":41,"column":32}},"loc":{"start":{"line":41,"column":37},"end":{"line":43,"column":5}},"line":41},"3":{"name":"(anonymous_3)","decl":{"start":{"line":52,"column":33},"end":{"line":52,"column":34}},"loc":{"start":{"line":52,"column":44},"end":{"line":54,"column":5}},"line":52},"4":{"name":"(anonymous_4)","decl":{"start":{"line":56,"column":34},"end":{"line":56,"column":35}},"loc":{"start":{"line":56,"column":45},"end":{"line":58,"column":5}},"line":56},"5":{"name":"(anonymous_5)","decl":{"start":{"line":60,"column":29},"end":{"line":60,"column":30}},"loc":{"start":{"line":60,"column":40},"end":{"line":62,"column":5}},"line":60},"6":{"name":"(anonymous_6)","decl":{"start":{"line":99,"column":21},"end":{"line":99,"column":22}},"loc":{"start":{"line":99,"column":27},"end":{"line":99,"column":68}},"line":99}},"branchMap":{"0":{"loc":{"start":{"line":10,"column":41},"end":{"line":10,"column":54}},"type":"default-arg","locations":[{"start":{"line":10,"column":52},"end":{"line":10,"column":54}}],"line":10},"1":{"loc":{"start":{"line":11,"column":15},"end":{"line":11,"column":32}},"type":"binary-expr","locations":[{"start":{"line":11,"column":15},"end":{"line":11,"column":24}},{"start":{"line":11,"column":28},"end":{"line":11,"column":32}}],"line":11},"2":{"loc":{"start":{"line":15,"column":4},"end":{"line":28,"column":5}},"type":"if","locations":[{"start":{"line":15,"column":4},"end":{"line":28,"column":5}},{"start":{"line":15,"column":4},"end":{"line":28,"column":5}}],"line":15},"3":{"loc":{"start":{"line":35,"column":5},"end":{"line":35,"column":25}},"type":"default-arg","locations":[{"start":{"line":35,"column":23},"end":{"line":35,"column":25}}],"line":35},"4":{"loc":{"start":{"line":35,"column":27},"end":{"line":35,"column":48}},"type":"default-arg","locations":[{"start":{"line":35,"column":46},"end":{"line":35,"column":48}}],"line":35},"5":{"loc":{"start":{"line":35,"column":50},"end":{"line":35,"column":71}},"type":"default-arg","locations":[{"start":{"line":35,"column":69},"end":{"line":35,"column":71}}],"line":35},"6":{"loc":{"start":{"line":47,"column":19},"end":{"line":47,"column":68}},"type":"cond-expr","locations":[{"start":{"line":47,"column":38},"end":{"line":47,"column":63}},{"start":{"line":47,"column":66},"end":{"line":47,"column":68}}],"line":47},"7":{"loc":{"start":{"line":75,"column":19},"end":{"line":75,"column":42}},"type":"binary-expr","locations":[{"start":{"line":75,"column":19},"end":{"line":75,"column":29}},{"start":{"line":75,"column":33},"end":{"line":75,"column":42}}],"line":75},"8":{"loc":{"start":{"line":81,"column":13},"end":{"line":93,"column":13}},"type":"cond-expr","locations":[{"start":{"line":82,"column":14},"end":{"line":87,"column":15}},{"start":{"line":89,"column":14},"end":{"line":92,"column":16}}],"line":81},"9":{"loc":{"start":{"line":81,"column":13},"end":{"line":81,"column":63}},"type":"binary-expr","locations":[{"start":{"line":81,"column":13},"end":{"line":81,"column":38}},{"start":{"line":81,"column":42},"end":{"line":81,"column":63}}],"line":81}},"s":{"0":1,"1":0,"2":0,"3":0,"4":0,"5":0,"6":0,"7":0,"8":1,"9":0,"10":0,"11":0,"12":0,"13":0,"14":0,"15":0,"16":0,"17":0,"18":0,"19":0,"20":0,"21":0,"22":0,"23":0,"24":0,"25":0,"26":0,"27":1,"28":1},"f":{"0":0,"1":0,"2":0,"3":0,"4":0,"5":0,"6":0},"b":{"0":[0],"1":[0,0],"2":[0,0],"3":[0],"4":[0],"5":[0],"6":[0,0],"7":[0,0],"8":[0,0],"9":[0,0]},"_coverageSchema":"1a1c01bbd47fc00a2c39e90264f33305004495a9","hash":"f5bca2448a0c5d261296f479eb0f7f42f6ae41f7"}
,"/home/jacob/storybook-custom-event-broadcaster/src/styled-components/boxes.js": {"path":"/home/jacob/storybook-custom-event-broadcaster/src/styled-components/boxes.js","statementMap":{"0":{"start":{"line":3,"column":25},"end":{"line":5,"column":2}},"1":{"start":{"line":7,"column":23},"end":{"line":11,"column":2}}},"fnMap":{},"branchMap":{},"s":{"0":1,"1":1},"f":{},"b":{},"_coverageSchema":"1a1c01bbd47fc00a2c39e90264f33305004495a9","hash":"6c40c78ca2aa423248235275e9d5a09858fbf3dc"}
,"/home/jacob/storybook-custom-event-broadcaster/src/styled-components/input.js": {"path":"/home/jacob/storybook-custom-event-broadcaster/src/styled-components/input.js","statementMap":{"0":{"start":{"line":3,"column":21},"end":{"line":20,"column":1}},"1":{"start":{"line":22,"column":27},"end":{"line":22,"column":53}},"2":{"start":{"line":24,"column":30},"end":{"line":24,"column":59}}},"fnMap":{},"branchMap":{},"s":{"0":1,"1":1,"2":1},"f":{},"b":{},"_coverageSchema":"1a1c01bbd47fc00a2c39e90264f33305004495a9","hash":"e4a45e5b5236bf0235d8c212bf4c6943400a00f9"}
}
